[2025-12-03 22:34:10] [INFO] [util.LoggingProvider] Logging system configured successfully 
[2025-12-03 22:34:10] [INFO] [util.LoggingProvider] Log files: logs/system_logs.%g.log 
[2025-12-03 22:34:10] [INFO] [util.LoggingProvider] Max file size: 1024KB 
[2025-12-03 22:34:10] [INFO] [util.LoggingProvider] Max file count: 10 
[2025-12-03 22:34:12] [SEVERE] [app.Bootstrap] Failed to initialize application: Unable to create requested service [org.hibernate.engine.jdbc.env.spi.JdbcEnvironment] due to: Unable to load class [org.sqlite.JDBC] 
[2025-12-03 22:34:25] [INFO] [util.LoggingProvider] Logging system configured successfully 
[2025-12-03 22:34:25] [INFO] [util.LoggingProvider] Log files: logs/system_logs.%g.log 
[2025-12-03 22:34:25] [INFO] [util.LoggingProvider] Max file size: 1024KB 
[2025-12-03 22:34:25] [INFO] [util.LoggingProvider] Max file count: 10 
[2025-12-03 22:34:26] [SEVERE] [app.Bootstrap] Failed to initialize application: Unable to create requested service [org.hibernate.engine.jdbc.env.spi.JdbcEnvironment] due to: Unable to load class [org.sqlite.JDBC] 
[2025-12-03 22:40:47] [INFO] [util.LoggingProvider] Logging system configured successfully 
[2025-12-03 22:40:47] [INFO] [util.LoggingProvider] Log files: logs/system_logs.%g.log 
[2025-12-03 22:40:47] [INFO] [util.LoggingProvider] Max file size: 1024KB 
[2025-12-03 22:40:47] [INFO] [util.LoggingProvider] Max file count: 10 
[2025-12-03 22:40:48] [SEVERE] [app.Bootstrap] Failed to initialize application: Unable to create requested service [org.hibernate.engine.jdbc.env.spi.JdbcEnvironment] due to: Unable to determine Dialect without JDBC metadata (please set 'jakarta.persistence.jdbc.url' for common cases or 'hibernate.dialect' when a custom Dialect implementation must be provided) 
[2025-12-03 22:44:46] [INFO] [util.LoggingProvider] Logging system configured successfully 
[2025-12-03 22:44:46] [INFO] [util.LoggingProvider] Log files: logs/system_logs.%g.log 
[2025-12-03 22:44:46] [INFO] [util.LoggingProvider] Max file size: 1024KB 
[2025-12-03 22:44:46] [INFO] [util.LoggingProvider] Max file count: 10 
[2025-12-03 22:44:47] [SEVERE] [app.Bootstrap] Failed to initialize application: Unable to create requested service [org.hibernate.engine.jdbc.env.spi.JdbcEnvironment] due to: Unable to determine Dialect without JDBC metadata (please set 'jakarta.persistence.jdbc.url' for common cases or 'hibernate.dialect' when a custom Dialect implementation must be provided) 
[2025-12-03 22:46:31] [INFO] [util.LoggingProvider] Logging system configured successfully 
[2025-12-03 22:46:31] [INFO] [util.LoggingProvider] Log files: logs/system_logs.%g.log 
[2025-12-03 22:46:31] [INFO] [util.LoggingProvider] Max file size: 1024KB 
[2025-12-03 22:46:31] [INFO] [util.LoggingProvider] Max file count: 10 
[2025-12-03 22:46:32] [SEVERE] [app.Bootstrap] Failed to initialize application: Unable to create requested service [org.hibernate.engine.jdbc.env.spi.JdbcEnvironment] due to: Unable to determine Dialect without JDBC metadata (please set 'jakarta.persistence.jdbc.url' for common cases or 'hibernate.dialect' when a custom Dialect implementation must be provided) 
[2025-12-03 22:47:17] [INFO] [util.LoggingProvider] Logging system configured successfully 
[2025-12-03 22:47:17] [INFO] [util.LoggingProvider] Log files: logs/system_logs.%g.log 
[2025-12-03 22:47:17] [INFO] [util.LoggingProvider] Max file size: 1024KB 
[2025-12-03 22:47:17] [INFO] [util.LoggingProvider] Max file count: 10 
[2025-12-03 22:47:18] [SEVERE] [app.Bootstrap] Failed to initialize application: Unable to create requested service [org.hibernate.engine.jdbc.env.spi.JdbcEnvironment] due to: Unable to resolve name [org.hibernate.community.dialect.SQLiteDialect] as strategy [org.hibernate.dialect.Dialect] 
[2025-12-03 22:52:23] [INFO] [util.LoggingProvider] Logging system configured successfully 
[2025-12-03 22:52:23] [INFO] [util.LoggingProvider] Log files: logs/system_logs.%g.log 
[2025-12-03 22:52:23] [INFO] [util.LoggingProvider] Max file size: 1024KB 
[2025-12-03 22:52:23] [INFO] [util.LoggingProvider] Max file count: 10 
[2025-12-03 22:52:25] [SEVERE] [app.Bootstrap] Failed to initialize application: [PersistenceUnit: hotelPU] Unable to build Hibernate SessionFactory 
[2025-12-03 22:57:48] [INFO] [util.LoggingProvider] Logging system configured successfully 
[2025-12-03 22:57:48] [INFO] [util.LoggingProvider] Log files: logs/system_logs.%g.log 
[2025-12-03 22:57:48] [INFO] [util.LoggingProvider] Max file size: 1024KB 
[2025-12-03 22:57:48] [INFO] [util.LoggingProvider] Max file count: 10 
[2025-12-03 22:57:49] [SEVERE] [app.Bootstrap] Failed to initialize application: [PersistenceUnit: hotelPU] Unable to build Hibernate SessionFactory 
[2025-12-03 22:59:26] [INFO] [util.LoggingProvider] Logging system configured successfully 
[2025-12-03 22:59:26] [INFO] [util.LoggingProvider] Log files: logs/system_logs.%g.log 
[2025-12-03 22:59:26] [INFO] [util.LoggingProvider] Max file size: 1024KB 
[2025-12-03 22:59:26] [INFO] [util.LoggingProvider] Max file count: 10 
[2025-12-03 22:59:28] [INFO] [app.Bootstrap] EntityManager initialized successfully 
[2025-12-03 22:59:28] [INFO] [config.PricingConfig] Default peak seasons configured: June-August, December 
[2025-12-03 22:59:28] [INFO] [config.LoyaltyConfig] LoyaltyConfig initialized with default values 
[2025-12-03 22:59:28] [INFO] [app.Bootstrap] Configurations initialized 
[2025-12-03 22:59:28] [INFO] [app.Bootstrap] Repositories initialized 
[2025-12-03 22:59:28] [INFO] [service.RoomService] Default room availability initialized 
[2025-12-03 22:59:28] [INFO] [app.Bootstrap] Services initialized 
[2025-12-03 22:59:28] [INFO] [app.Bootstrap] Authentication service initialized 
[2025-12-03 22:59:28] [INFO] [app.Bootstrap] Billing context initialized with standard strategy 
[2025-12-03 22:59:28] [INFO] [app.Bootstrap] Hotel Reservation System bootstrap initialized successfully. 
[2025-12-03 22:59:49] [INFO] [util.LoggingProvider] Logging system configured successfully 
[2025-12-03 22:59:49] [INFO] [util.LoggingProvider] Log files: logs/system_logs.%g.log 
[2025-12-03 22:59:49] [INFO] [util.LoggingProvider] Max file size: 1024KB 
[2025-12-03 22:59:49] [INFO] [util.LoggingProvider] Max file count: 10 
[2025-12-03 22:59:51] [INFO] [app.Bootstrap] EntityManager initialized successfully 
[2025-12-03 22:59:51] [INFO] [config.PricingConfig] Default peak seasons configured: June-August, December 
[2025-12-03 22:59:51] [INFO] [config.LoyaltyConfig] LoyaltyConfig initialized with default values 
[2025-12-03 22:59:51] [INFO] [app.Bootstrap] Configurations initialized 
[2025-12-03 22:59:51] [INFO] [app.Bootstrap] Repositories initialized 
[2025-12-03 22:59:51] [INFO] [service.RoomService] Default room availability initialized 
[2025-12-03 22:59:51] [INFO] [app.Bootstrap] Services initialized 
[2025-12-03 22:59:51] [INFO] [app.Bootstrap] Authentication service initialized 
[2025-12-03 22:59:51] [INFO] [app.Bootstrap] Billing context initialized with standard strategy 
[2025-12-03 22:59:51] [INFO] [app.Bootstrap] Hotel Reservation System bootstrap initialized successfully. 
[2025-12-03 23:57:17] [INFO] [util.LoggingProvider] Logging system configured successfully 
[2025-12-03 23:57:17] [INFO] [util.LoggingProvider] Log files: logs/system_logs.%g.log 
[2025-12-03 23:57:17] [INFO] [util.LoggingProvider] Max file size: 1024KB 
[2025-12-03 23:57:17] [INFO] [util.LoggingProvider] Max file count: 10 
[2025-12-03 23:57:20] [INFO] [app.Bootstrap] EntityManager initialized successfully 
[2025-12-03 23:57:20] [INFO] [config.PricingConfig] Default peak seasons configured: June-August, December 
[2025-12-03 23:57:20] [INFO] [config.LoyaltyConfig] LoyaltyConfig initialized with default values 
[2025-12-03 23:57:20] [INFO] [app.Bootstrap] Configurations initialized 
[2025-12-03 23:57:20] [INFO] [app.Bootstrap] Repositories initialized 
[2025-12-03 23:57:20] [INFO] [service.RoomService] Default room availability initialized 
[2025-12-03 23:57:20] [INFO] [app.Bootstrap] Services initialized 
[2025-12-03 23:57:20] [INFO] [app.Bootstrap] Authentication service initialized 
[2025-12-03 23:57:20] [INFO] [app.Bootstrap] Billing context initialized with standard strategy 
[2025-12-03 23:57:20] [INFO] [app.Bootstrap] Hotel Reservation System bootstrap initialized successfully. 
[2025-12-03 23:59:45] [INFO] [util.LoggingProvider] Logging system configured successfully 
[2025-12-03 23:59:45] [INFO] [util.LoggingProvider] Log files: logs/system_logs.%g.log 
[2025-12-03 23:59:45] [INFO] [util.LoggingProvider] Max file size: 1024KB 
[2025-12-03 23:59:45] [INFO] [util.LoggingProvider] Max file count: 10 
[2025-12-03 23:59:49] [INFO] [app.Bootstrap] EntityManager initialized successfully 
[2025-12-03 23:59:49] [INFO] [config.PricingConfig] Default peak seasons configured: June-August, December 
[2025-12-03 23:59:49] [INFO] [config.LoyaltyConfig] LoyaltyConfig initialized with default values 
[2025-12-03 23:59:49] [INFO] [app.Bootstrap] Configurations initialized 
[2025-12-03 23:59:49] [INFO] [app.Bootstrap] Repositories initialized 
[2025-12-03 23:59:49] [INFO] [service.RoomService] Default room availability initialized 
[2025-12-03 23:59:49] [INFO] [app.Bootstrap] Services initialized 
[2025-12-03 23:59:49] [INFO] [app.Bootstrap] Authentication service initialized 
[2025-12-03 23:59:49] [INFO] [app.Bootstrap] Billing context initialized with standard strategy 
[2025-12-03 23:59:49] [INFO] [app.Bootstrap] Hotel Reservation System bootstrap initialized successfully. 
[2025-12-04 00:00:16] [INFO] [util.LoggingProvider] Logging system configured successfully 
[2025-12-04 00:00:16] [INFO] [util.LoggingProvider] Log files: logs/system_logs.%g.log 
[2025-12-04 00:00:16] [INFO] [util.LoggingProvider] Max file size: 1024KB 
[2025-12-04 00:00:16] [INFO] [util.LoggingProvider] Max file count: 10 
[2025-12-04 00:00:19] [INFO] [app.Bootstrap] EntityManager initialized successfully 
[2025-12-04 00:00:19] [INFO] [config.PricingConfig] Default peak seasons configured: June-August, December 
[2025-12-04 00:00:19] [INFO] [config.LoyaltyConfig] LoyaltyConfig initialized with default values 
[2025-12-04 00:00:19] [INFO] [app.Bootstrap] Configurations initialized 
[2025-12-04 00:00:19] [INFO] [app.Bootstrap] Repositories initialized 
[2025-12-04 00:00:19] [INFO] [service.RoomService] Default room availability initialized 
[2025-12-04 00:00:19] [INFO] [app.Bootstrap] Services initialized 
[2025-12-04 00:00:19] [INFO] [app.Bootstrap] Authentication service initialized 
[2025-12-04 00:00:19] [INFO] [app.Bootstrap] Billing context initialized with standard strategy 
[2025-12-04 00:00:19] [INFO] [app.Bootstrap] Hotel Reservation System bootstrap initialized successfully. 
[2025-12-04 00:18:17] [INFO] [util.LoggingProvider] Logging system configured successfully 
[2025-12-04 00:18:17] [INFO] [util.LoggingProvider] Log files: logs/system_logs.%g.log 
[2025-12-04 00:18:17] [INFO] [util.LoggingProvider] Max file size: 1024KB 
[2025-12-04 00:18:17] [INFO] [util.LoggingProvider] Max file count: 10 
[2025-12-04 00:18:20] [INFO] [app.Bootstrap] EntityManager initialized successfully 
[2025-12-04 00:18:20] [INFO] [config.PricingConfig] Default peak seasons configured: June-August, December 
[2025-12-04 00:18:20] [INFO] [config.LoyaltyConfig] LoyaltyConfig initialized with default values 
[2025-12-04 00:18:20] [INFO] [app.Bootstrap] Configurations initialized 
[2025-12-04 00:18:20] [INFO] [app.Bootstrap] Repositories initialized 
[2025-12-04 00:18:20] [INFO] [service.RoomService] Default room availability initialized 
[2025-12-04 00:18:20] [INFO] [app.Bootstrap] Services initialized 
[2025-12-04 00:18:20] [INFO] [app.Bootstrap] Authentication service initialized 
[2025-12-04 00:18:20] [INFO] [app.Bootstrap] Billing context initialized with standard strategy 
[2025-12-04 00:18:20] [INFO] [app.Bootstrap] Hotel Reservation System bootstrap initialized successfully. 
